{"C:\\Users\\joris\\Downloads\\Pocman\\js\\core.mjs": {"path":"C:\\Users\\joris\\Downloads\\Pocman\\js\\core.mjs","all":false,"statementMap":{"0":{"start":{"line":1,"column":0},"end":{"line":1,"column":23}},"1":{"start":{"line":2,"column":0},"end":{"line":2,"column":23}},"2":{"start":{"line":3,"column":0},"end":{"line":3,"column":23}},"3":{"start":{"line":4,"column":0},"end":{"line":4,"column":29}},"4":{"start":{"line":5,"column":0},"end":{"line":5,"column":29}},"6":{"start":{"line":7,"column":0},"end":{"line":7,"column":44}},"7":{"start":{"line":8,"column":0},"end":{"line":8,"column":54}},"8":{"start":{"line":9,"column":0},"end":{"line":9,"column":51}},"9":{"start":{"line":10,"column":0},"end":{"line":10,"column":56}},"10":{"start":{"line":11,"column":0},"end":{"line":11,"column":33}},"11":{"start":{"line":12,"column":0},"end":{"line":12,"column":55}},"13":{"start":{"line":14,"column":0},"end":{"line":14,"column":22}},"14":{"start":{"line":15,"column":0},"end":{"line":15,"column":21}},"15":{"start":{"line":16,"column":0},"end":{"line":16,"column":24}},"16":{"start":{"line":17,"column":0},"end":{"line":17,"column":23}},"17":{"start":{"line":18,"column":0},"end":{"line":18,"column":22}},"18":{"start":{"line":19,"column":0},"end":{"line":19,"column":33}},"19":{"start":{"line":20,"column":0},"end":{"line":20,"column":29}},"20":{"start":{"line":21,"column":0},"end":{"line":21,"column":39}},"21":{"start":{"line":22,"column":0},"end":{"line":22,"column":29}},"22":{"start":{"line":23,"column":0},"end":{"line":23,"column":29}},"24":{"start":{"line":25,"column":0},"end":{"line":25,"column":29}},"25":{"start":{"line":26,"column":0},"end":{"line":26,"column":31}},"26":{"start":{"line":27,"column":0},"end":{"line":27,"column":32}},"27":{"start":{"line":28,"column":0},"end":{"line":28,"column":31}},"28":{"start":{"line":29,"column":0},"end":{"line":29,"column":36}},"29":{"start":{"line":30,"column":0},"end":{"line":30,"column":33}},"31":{"start":{"line":32,"column":0},"end":{"line":32,"column":25}},"32":{"start":{"line":33,"column":0},"end":{"line":33,"column":60}},"33":{"start":{"line":34,"column":0},"end":{"line":34,"column":60}},"34":{"start":{"line":35,"column":0},"end":{"line":35,"column":60}},"35":{"start":{"line":36,"column":0},"end":{"line":36,"column":60}},"36":{"start":{"line":37,"column":0},"end":{"line":37,"column":60}},"37":{"start":{"line":38,"column":0},"end":{"line":38,"column":60}},"38":{"start":{"line":39,"column":0},"end":{"line":39,"column":60}},"39":{"start":{"line":40,"column":0},"end":{"line":40,"column":60}},"40":{"start":{"line":41,"column":0},"end":{"line":41,"column":60}},"41":{"start":{"line":42,"column":0},"end":{"line":42,"column":60}},"42":{"start":{"line":43,"column":0},"end":{"line":43,"column":60}},"43":{"start":{"line":44,"column":0},"end":{"line":44,"column":60}},"44":{"start":{"line":45,"column":0},"end":{"line":45,"column":60}},"45":{"start":{"line":46,"column":0},"end":{"line":46,"column":60}},"46":{"start":{"line":47,"column":0},"end":{"line":47,"column":60}},"47":{"start":{"line":48,"column":0},"end":{"line":48,"column":60}},"48":{"start":{"line":49,"column":0},"end":{"line":49,"column":60}},"49":{"start":{"line":50,"column":0},"end":{"line":50,"column":60}},"50":{"start":{"line":51,"column":0},"end":{"line":51,"column":60}},"51":{"start":{"line":52,"column":0},"end":{"line":52,"column":60}},"52":{"start":{"line":53,"column":0},"end":{"line":53,"column":60}},"53":{"start":{"line":54,"column":0},"end":{"line":54,"column":60}},"54":{"start":{"line":55,"column":0},"end":{"line":55,"column":60}},"55":{"start":{"line":56,"column":0},"end":{"line":56,"column":60}},"56":{"start":{"line":57,"column":0},"end":{"line":57,"column":60}},"57":{"start":{"line":58,"column":0},"end":{"line":58,"column":60}},"58":{"start":{"line":59,"column":0},"end":{"line":59,"column":60}},"59":{"start":{"line":60,"column":0},"end":{"line":60,"column":60}},"60":{"start":{"line":61,"column":0},"end":{"line":61,"column":60}},"61":{"start":{"line":62,"column":0},"end":{"line":62,"column":60}},"62":{"start":{"line":63,"column":0},"end":{"line":63,"column":60}},"63":{"start":{"line":64,"column":0},"end":{"line":64,"column":2}},"65":{"start":{"line":66,"column":0},"end":{"line":66,"column":30}},"66":{"start":{"line":67,"column":0},"end":{"line":67,"column":38}},"67":{"start":{"line":68,"column":0},"end":{"line":68,"column":1}},"69":{"start":{"line":70,"column":0},"end":{"line":70,"column":33}},"70":{"start":{"line":71,"column":0},"end":{"line":71,"column":43}},"71":{"start":{"line":72,"column":0},"end":{"line":72,"column":1}},"73":{"start":{"line":74,"column":0},"end":{"line":74,"column":33}},"74":{"start":{"line":75,"column":0},"end":{"line":75,"column":43}},"75":{"start":{"line":76,"column":0},"end":{"line":76,"column":1}},"77":{"start":{"line":78,"column":0},"end":{"line":78,"column":37}},"78":{"start":{"line":79,"column":0},"end":{"line":79,"column":64}},"79":{"start":{"line":80,"column":0},"end":{"line":80,"column":1}},"81":{"start":{"line":82,"column":0},"end":{"line":82,"column":3}},"82":{"start":{"line":83,"column":0},"end":{"line":83,"column":70}},"83":{"start":{"line":84,"column":0},"end":{"line":84,"column":20}},"84":{"start":{"line":85,"column":0},"end":{"line":85,"column":20}},"85":{"start":{"line":86,"column":0},"end":{"line":86,"column":24}},"86":{"start":{"line":87,"column":0},"end":{"line":87,"column":3}},"87":{"start":{"line":88,"column":0},"end":{"line":88,"column":42}},"88":{"start":{"line":89,"column":0},"end":{"line":89,"column":30}},"89":{"start":{"line":90,"column":0},"end":{"line":90,"column":30}},"90":{"start":{"line":91,"column":0},"end":{"line":91,"column":47}},"91":{"start":{"line":92,"column":0},"end":{"line":92,"column":74}},"92":{"start":{"line":93,"column":0},"end":{"line":93,"column":1}},"94":{"start":{"line":95,"column":0},"end":{"line":95,"column":51}},"95":{"start":{"line":96,"column":0},"end":{"line":96,"column":25}},"96":{"start":{"line":97,"column":0},"end":{"line":97,"column":42}},"97":{"start":{"line":98,"column":0},"end":{"line":98,"column":32}},"98":{"start":{"line":99,"column":0},"end":{"line":99,"column":1}},"100":{"start":{"line":101,"column":0},"end":{"line":101,"column":77}},"101":{"start":{"line":102,"column":0},"end":{"line":102,"column":35}},"102":{"start":{"line":103,"column":0},"end":{"line":103,"column":45}},"103":{"start":{"line":104,"column":0},"end":{"line":104,"column":40}},"104":{"start":{"line":105,"column":0},"end":{"line":105,"column":14}},"105":{"start":{"line":106,"column":0},"end":{"line":106,"column":1}},"107":{"start":{"line":108,"column":0},"end":{"line":108,"column":3}},"108":{"start":{"line":109,"column":0},"end":{"line":109,"column":54}},"109":{"start":{"line":110,"column":0},"end":{"line":110,"column":53}},"110":{"start":{"line":111,"column":0},"end":{"line":111,"column":3}},"111":{"start":{"line":112,"column":0},"end":{"line":112,"column":65}},"112":{"start":{"line":113,"column":0},"end":{"line":113,"column":25}},"113":{"start":{"line":114,"column":0},"end":{"line":114,"column":43}},"114":{"start":{"line":115,"column":0},"end":{"line":115,"column":27}},"115":{"start":{"line":116,"column":0},"end":{"line":116,"column":31}},"116":{"start":{"line":117,"column":0},"end":{"line":117,"column":58}},"117":{"start":{"line":118,"column":0},"end":{"line":118,"column":72}},"118":{"start":{"line":119,"column":0},"end":{"line":119,"column":14}},"119":{"start":{"line":120,"column":0},"end":{"line":120,"column":1}},"121":{"start":{"line":122,"column":0},"end":{"line":122,"column":3}},"122":{"start":{"line":123,"column":0},"end":{"line":123,"column":61}},"123":{"start":{"line":124,"column":0},"end":{"line":124,"column":3}},"124":{"start":{"line":125,"column":0},"end":{"line":125,"column":72}},"125":{"start":{"line":126,"column":0},"end":{"line":126,"column":34}},"126":{"start":{"line":127,"column":0},"end":{"line":127,"column":59}},"127":{"start":{"line":128,"column":0},"end":{"line":128,"column":51}},"128":{"start":{"line":129,"column":0},"end":{"line":129,"column":5}},"129":{"start":{"line":130,"column":0},"end":{"line":130,"column":22}},"130":{"start":{"line":131,"column":0},"end":{"line":131,"column":72}},"131":{"start":{"line":132,"column":0},"end":{"line":132,"column":3}},"132":{"start":{"line":133,"column":0},"end":{"line":133,"column":33}},"133":{"start":{"line":134,"column":0},"end":{"line":134,"column":22}},"134":{"start":{"line":135,"column":0},"end":{"line":135,"column":23}},"135":{"start":{"line":136,"column":0},"end":{"line":136,"column":26}},"136":{"start":{"line":137,"column":0},"end":{"line":137,"column":43}},"137":{"start":{"line":138,"column":0},"end":{"line":138,"column":43}},"138":{"start":{"line":139,"column":0},"end":{"line":139,"column":35}},"139":{"start":{"line":140,"column":0},"end":{"line":140,"column":23}},"140":{"start":{"line":141,"column":0},"end":{"line":141,"column":19}},"141":{"start":{"line":142,"column":0},"end":{"line":142,"column":15}},"142":{"start":{"line":143,"column":0},"end":{"line":143,"column":5}},"143":{"start":{"line":144,"column":0},"end":{"line":144,"column":3}},"144":{"start":{"line":145,"column":0},"end":{"line":145,"column":21}},"145":{"start":{"line":146,"column":0},"end":{"line":146,"column":1}},"147":{"start":{"line":148,"column":0},"end":{"line":148,"column":56}},"148":{"start":{"line":149,"column":0},"end":{"line":149,"column":46}},"149":{"start":{"line":150,"column":0},"end":{"line":150,"column":56}},"150":{"start":{"line":151,"column":0},"end":{"line":151,"column":85}},"151":{"start":{"line":152,"column":0},"end":{"line":152,"column":24}},"152":{"start":{"line":153,"column":0},"end":{"line":153,"column":1}}},"s":{"0":1,"1":1,"2":1,"3":1,"4":1,"6":1,"7":1,"8":1,"9":1,"10":1,"11":1,"13":1,"14":1,"15":1,"16":1,"17":1,"18":1,"19":1,"20":1,"21":1,"22":1,"24":1,"25":1,"26":1,"27":1,"28":1,"29":1,"31":1,"32":1,"33":1,"34":1,"35":1,"36":1,"37":1,"38":1,"39":1,"40":1,"41":1,"42":1,"43":1,"44":1,"45":1,"46":1,"47":1,"48":1,"49":1,"50":1,"51":1,"52":1,"53":1,"54":1,"55":1,"56":1,"57":1,"58":1,"59":1,"60":1,"61":1,"62":1,"63":1,"65":1,"66":7,"67":7,"69":1,"70":3,"71":3,"73":1,"74":2,"75":2,"77":1,"78":4,"79":4,"81":1,"82":1,"83":1,"84":1,"85":1,"86":1,"87":1,"88":2,"89":2,"90":2,"91":2,"92":2,"94":1,"95":2,"96":2,"97":2,"98":2,"100":1,"101":2,"102":2,"103":2,"104":1,"105":1,"107":1,"108":1,"109":1,"110":1,"111":1,"112":5,"113":5,"114":5,"115":5,"116":5,"117":5,"118":1,"119":1,"121":1,"122":1,"123":1,"124":1,"125":1,"126":4,"127":3,"128":1,"129":1,"130":1,"131":1,"132":1,"133":1,"134":1,"135":1,"136":1,"137":1,"138":1,"139":1,"140":1,"141":1,"142":1,"143":1,"144":1,"145":1,"147":1,"148":1,"149":3,"150":3,"151":1,"152":1},"branchMap":{"0":{"type":"branch","line":66,"loc":{"start":{"line":66,"column":7},"end":{"line":68,"column":1}},"locations":[{"start":{"line":66,"column":7},"end":{"line":68,"column":1}}]},"1":{"type":"branch","line":70,"loc":{"start":{"line":70,"column":7},"end":{"line":72,"column":1}},"locations":[{"start":{"line":70,"column":7},"end":{"line":72,"column":1}}]},"2":{"type":"branch","line":74,"loc":{"start":{"line":74,"column":7},"end":{"line":76,"column":1}},"locations":[{"start":{"line":74,"column":7},"end":{"line":76,"column":1}}]},"3":{"type":"branch","line":78,"loc":{"start":{"line":78,"column":7},"end":{"line":80,"column":1}},"locations":[{"start":{"line":78,"column":7},"end":{"line":80,"column":1}}]},"4":{"type":"branch","line":88,"loc":{"start":{"line":88,"column":7},"end":{"line":93,"column":1}},"locations":[{"start":{"line":88,"column":7},"end":{"line":93,"column":1}}]},"5":{"type":"branch","line":92,"loc":{"start":{"line":92,"column":40},"end":{"line":92,"column":73}},"locations":[{"start":{"line":92,"column":40},"end":{"line":92,"column":73}}]},"6":{"type":"branch","line":95,"loc":{"start":{"line":95,"column":7},"end":{"line":99,"column":1}},"locations":[{"start":{"line":95,"column":7},"end":{"line":99,"column":1}}]},"7":{"type":"branch","line":97,"loc":{"start":{"line":97,"column":30},"end":{"line":97,"column":42}},"locations":[{"start":{"line":97,"column":30},"end":{"line":97,"column":42}}]},"8":{"type":"branch","line":98,"loc":{"start":{"line":98,"column":24},"end":{"line":98,"column":31}},"locations":[{"start":{"line":98,"column":24},"end":{"line":98,"column":31}}]},"9":{"type":"branch","line":101,"loc":{"start":{"line":101,"column":7},"end":{"line":106,"column":1}},"locations":[{"start":{"line":101,"column":7},"end":{"line":106,"column":1}}]},"10":{"type":"branch","line":103,"loc":{"start":{"line":103,"column":32},"end":{"line":103,"column":45}},"locations":[{"start":{"line":103,"column":32},"end":{"line":103,"column":45}}]},"11":{"type":"branch","line":104,"loc":{"start":{"line":104,"column":27},"end":{"line":106,"column":1}},"locations":[{"start":{"line":104,"column":27},"end":{"line":106,"column":1}}]},"12":{"type":"branch","line":112,"loc":{"start":{"line":112,"column":7},"end":{"line":120,"column":1}},"locations":[{"start":{"line":112,"column":7},"end":{"line":120,"column":1}}]},"13":{"type":"branch","line":114,"loc":{"start":{"line":114,"column":30},"end":{"line":114,"column":43}},"locations":[{"start":{"line":114,"column":30},"end":{"line":114,"column":43}}]},"14":{"type":"branch","line":116,"loc":{"start":{"line":116,"column":18},"end":{"line":116,"column":31}},"locations":[{"start":{"line":116,"column":18},"end":{"line":116,"column":31}}]},"15":{"type":"branch","line":117,"loc":{"start":{"line":117,"column":18},"end":{"line":117,"column":58}},"locations":[{"start":{"line":117,"column":18},"end":{"line":117,"column":58}}]},"16":{"type":"branch","line":117,"loc":{"start":{"line":117,"column":40},"end":{"line":117,"column":57}},"locations":[{"start":{"line":117,"column":40},"end":{"line":117,"column":57}}]},"17":{"type":"branch","line":117,"loc":{"start":{"line":117,"column":57},"end":{"line":118,"column":21}},"locations":[{"start":{"line":117,"column":57},"end":{"line":118,"column":21}}]},"18":{"type":"branch","line":118,"loc":{"start":{"line":118,"column":21},"end":{"line":118,"column":34}},"locations":[{"start":{"line":118,"column":21},"end":{"line":118,"column":34}}]},"19":{"type":"branch","line":118,"loc":{"start":{"line":118,"column":35},"end":{"line":118,"column":57}},"locations":[{"start":{"line":118,"column":35},"end":{"line":118,"column":57}}]},"20":{"type":"branch","line":118,"loc":{"start":{"line":118,"column":46},"end":{"line":118,"column":56}},"locations":[{"start":{"line":118,"column":46},"end":{"line":118,"column":56}}]},"21":{"type":"branch","line":118,"loc":{"start":{"line":118,"column":59},"end":{"line":118,"column":72}},"locations":[{"start":{"line":118,"column":59},"end":{"line":118,"column":72}}]},"22":{"type":"branch","line":118,"loc":{"start":{"line":118,"column":71},"end":{"line":120,"column":1}},"locations":[{"start":{"line":118,"column":71},"end":{"line":120,"column":1}}]},"23":{"type":"branch","line":125,"loc":{"start":{"line":125,"column":7},"end":{"line":146,"column":1}},"locations":[{"start":{"line":125,"column":7},"end":{"line":146,"column":1}}]},"24":{"type":"branch","line":133,"loc":{"start":{"line":133,"column":21},"end":{"line":133,"column":33}},"locations":[{"start":{"line":133,"column":21},"end":{"line":133,"column":33}}]},"25":{"type":"branch","line":126,"loc":{"start":{"line":126,"column":26},"end":{"line":129,"column":3}},"locations":[{"start":{"line":126,"column":26},"end":{"line":129,"column":3}}]},"26":{"type":"branch","line":127,"loc":{"start":{"line":127,"column":25},"end":{"line":127,"column":44}},"locations":[{"start":{"line":127,"column":25},"end":{"line":127,"column":44}}]},"27":{"type":"branch","line":127,"loc":{"start":{"line":127,"column":46},"end":{"line":127,"column":59}},"locations":[{"start":{"line":127,"column":46},"end":{"line":127,"column":59}}]},"28":{"type":"branch","line":127,"loc":{"start":{"line":127,"column":58},"end":{"line":129,"column":2}},"locations":[{"start":{"line":127,"column":58},"end":{"line":129,"column":2}}]},"29":{"type":"branch","line":131,"loc":{"start":{"line":131,"column":24},"end":{"line":131,"column":70}},"locations":[{"start":{"line":131,"column":24},"end":{"line":131,"column":70}}]},"30":{"type":"branch","line":149,"loc":{"start":{"line":149,"column":7},"end":{"line":153,"column":1}},"locations":[{"start":{"line":149,"column":7},"end":{"line":153,"column":1}}]},"31":{"type":"branch","line":150,"loc":{"start":{"line":150,"column":17},"end":{"line":150,"column":30}},"locations":[{"start":{"line":150,"column":17},"end":{"line":150,"column":30}}]},"32":{"type":"branch","line":150,"loc":{"start":{"line":150,"column":32},"end":{"line":150,"column":56}},"locations":[{"start":{"line":150,"column":32},"end":{"line":150,"column":56}}]},"33":{"type":"branch","line":150,"loc":{"start":{"line":150,"column":55},"end":{"line":151,"column":18}},"locations":[{"start":{"line":150,"column":55},"end":{"line":151,"column":18}}]},"34":{"type":"branch","line":151,"loc":{"start":{"line":151,"column":18},"end":{"line":153,"column":1}},"locations":[{"start":{"line":151,"column":18},"end":{"line":153,"column":1}}]},"35":{"type":"branch","line":151,"loc":{"start":{"line":151,"column":74},"end":{"line":151,"column":82}},"locations":[{"start":{"line":151,"column":74},"end":{"line":151,"column":82}}]}},"b":{"0":[7],"1":[3],"2":[2],"3":[4],"4":[2],"5":[1],"6":[2],"7":[0],"8":[0],"9":[2],"10":[0],"11":[1],"12":[5],"13":[0],"14":[0],"15":[2],"16":[1],"17":[3],"18":[2],"19":[2],"20":[1],"21":[2],"22":[1],"23":[1],"24":[0],"25":[4],"26":[1],"27":[1],"28":[3],"29":[4],"30":[3],"31":[2],"32":[1],"33":[2],"34":[1],"35":[0]},"fnMap":{"0":{"name":"dir0","decl":{"start":{"line":12,"column":20},"end":{"line":12,"column":54}},"loc":{"start":{"line":12,"column":20},"end":{"line":12,"column":54}},"line":12},"1":{"name":"wrapCol","decl":{"start":{"line":66,"column":7},"end":{"line":68,"column":1}},"loc":{"start":{"line":66,"column":7},"end":{"line":68,"column":1}},"line":66},"2":{"name":"tileColFromX","decl":{"start":{"line":70,"column":7},"end":{"line":72,"column":1}},"loc":{"start":{"line":70,"column":7},"end":{"line":72,"column":1}},"line":70},"3":{"name":"tileRowFromY","decl":{"start":{"line":74,"column":7},"end":{"line":76,"column":1}},"loc":{"start":{"line":74,"column":7},"end":{"line":76,"column":1}},"line":74},"4":{"name":"alignedXY","decl":{"start":{"line":78,"column":7},"end":{"line":80,"column":1}},"loc":{"start":{"line":78,"column":7},"end":{"line":80,"column":1}},"line":78},"5":{"name":"isAlignedAt","decl":{"start":{"line":88,"column":7},"end":{"line":93,"column":1}},"loc":{"start":{"line":88,"column":7},"end":{"line":93,"column":1}},"line":88},"6":{"name":"cellAt","decl":{"start":{"line":95,"column":7},"end":{"line":99,"column":1}},"loc":{"start":{"line":95,"column":7},"end":{"line":99,"column":1}},"line":95},"7":{"name":"canWalkAt","decl":{"start":{"line":101,"column":7},"end":{"line":106,"column":1}},"loc":{"start":{"line":101,"column":7},"end":{"line":106,"column":1}},"line":101},"8":{"name":"canWalkGhostAt","decl":{"start":{"line":112,"column":7},"end":{"line":120,"column":1}},"loc":{"start":{"line":112,"column":7},"end":{"line":120,"column":1}},"line":112},"9":{"name":"pickMoveToward","decl":{"start":{"line":125,"column":7},"end":{"line":146,"column":1}},"loc":{"start":{"line":125,"column":7},"end":{"line":146,"column":1}},"line":125},"10":{"name":"getHouseExitAction","decl":{"start":{"line":149,"column":7},"end":{"line":153,"column":1}},"loc":{"start":{"line":149,"column":7},"end":{"line":153,"column":1}},"line":149}},"f":{"0":0,"1":7,"2":3,"3":2,"4":4,"5":2,"6":2,"7":2,"8":5,"9":1,"10":3}}
}
